{"level":"info","message":"Server is running on port 8000","timestamp":"2026-05-19T15:14:29.342Z"}
{"level":"info","message":"Shutting down gracefully...","timestamp":"2026-05-19T15:14:32.037Z"}
{"level":"info","message":"Server is running on port 8000","timestamp":"2026-05-19T15:14:37.107Z"}
{"level":"info","message":"Server is running on port 8000","timestamp":"2026-05-19T15:24:00.395Z"}
{"level":"info","message":"Server is running on port 8000","timestamp":"2026-05-19T15:24:05.506Z"}
{"level":"info","message":"Server is running on port 8000","timestamp":"2026-05-19T15:26:29.365Z"}
{"level":"info","message":"Server is running on port 8000","timestamp":"2026-05-19T15:26:44.390Z"}
{"level":"info","message":"Server is running on port 8000","timestamp":"2026-05-19T15:33:58.363Z"}
{"level":"info","message":"Server is running on port 8000","timestamp":"2026-05-19T15:39:24.331Z"}
{"level":"info","message":"Server is running on port 8000","timestamp":"2026-05-19T15:39:26.805Z"}
{"level":"info","message":"Server is running on port 8000","timestamp":"2026-05-26T15:46:10.272Z"}
{"level":"info","message":"Shutting down gracefully...","timestamp":"2026-05-26T15:46:46.006Z"}
{"level":"info","message":"Server is running on port 8000","timestamp":"2026-05-26T15:46:50.212Z"}
{"level":"info","message":"Server is running on port 8000","timestamp":"2026-05-26T15:59:37.327Z"}
{"level":"info","message":"Server is running on port 8000","timestamp":"2026-05-26T15:59:38.327Z"}
{"level":"info","message":"Shutting down gracefully...","timestamp":"2026-05-26T15:59:43.071Z"}
{"level":"info","message":"Server is running on port 8000","timestamp":"2026-05-26T15:59:45.880Z"}
{"level":"info","message":"Server is running on port 8000","timestamp":"2026-05-26T16:01:20.548Z"}
{"level":"info","message":"Server is running on port 8000","timestamp":"2026-05-26T16:10:09.141Z"}
{"level":"info","message":"Server is running on port 8000","timestamp":"2026-05-26T16:10:13.916Z"}
{"level":"info","message":"Server is running on port 8000","timestamp":"2026-05-26T16:11:06.126Z"}
{"cause":{"message":"[\n  {\n    \"expected\": \"string\",\n    \"code\": \"invalid_type\",\n    \"path\": [\n      \"name\"\n    ],\n    \"message\": \"Username must be a string\"\n  },\n  {\n    \"code\": \"unrecognized_keys\",\n    \"keys\": [\n      \"username\"\n    ],\n    \"path\": [],\n    \"message\": \"Unrecognized key: \\\"username\\\"\"\n  }\n]","name":"ZodError"},"details":[{"code":"invalid_type","expected":"string","message":"Username must be a string","path":["name"]},{"code":"unrecognized_keys","keys":["username"],"message":"Unrecognized key: \"username\"","path":[]}],"level":"error","message":"Validation Error:  Validation error: Username must be a string at \"name\"; Unrecognized key: \"username\"","name":"ZodValidationError","stack":"ZodValidationError: Validation error: Username must be a string at \"name\"; Unrecognized key: \"username\"\n    at fromZodErrorWithoutRuntimeCheck (E:\\LRN\\Backend\\PROJECTS\\Inventory Sys\\Inventory Management\\node_modules\\zod-validation-error\\lib\\v4\\fromZodError.ts:50:10)\n    at <anonymous> (E:\\LRN\\Backend\\PROJECTS\\Inventory Sys\\Inventory Management\\node_modules\\zod-validation-error\\lib\\v4\\toValidationError.ts:12:14)\n    at fromError (E:\\LRN\\Backend\\PROJECTS\\Inventory Sys\\Inventory Management\\node_modules\\zod-validation-error\\lib\\v4\\fromError.ts:12:35)\n    at parse (E:\\LRN\\Backend\\PROJECTS\\Inventory Sys\\Inventory Management\\src\\common\\middlewares\\validation.ts:11:29)\n    at <anonymous> (E:\\LRN\\Backend\\PROJECTS\\Inventory Sys\\Inventory Management\\src\\common\\middlewares\\validation.ts:29:28)\n    at Layer.handleRequest (E:\\LRN\\Backend\\PROJECTS\\Inventory Sys\\Inventory Management\\node_modules\\router\\lib\\layer.js:152:17)\n    at next (E:\\LRN\\Backend\\PROJECTS\\Inventory Sys\\Inventory Management\\node_modules\\router\\lib\\route.js:157:13)\n    at Route.dispatch (E:\\LRN\\Backend\\PROJECTS\\Inventory Sys\\Inventory Management\\node_modules\\router\\lib\\route.js:117:3)\n    at handle (E:\\LRN\\Backend\\PROJECTS\\Inventory Sys\\Inventory Management\\node_modules\\router\\index.js:435:11)\n    at Layer.handleRequest (E:\\LRN\\Backend\\PROJECTS\\Inventory Sys\\Inventory Management\\node_modules\\router\\lib\\layer.js:152:17)","timestamp":"2026-05-26T16:11:19.019Z"}
{"level":"info","message":"User registered successfully","timestamp":"2026-05-26T16:11:37.297Z"}
{"level":"info","message":"User logged in successfully","timestamp":"2026-05-26T16:11:45.977Z"}
{"level":"info","message":"User retrieved successfully","timestamp":"2026-05-26T16:11:45.994Z"}
{"level":"info","message":"Server is running on port 8000","timestamp":"2026-05-26T16:11:53.194Z"}
{"level":"info","message":"Server is running on port 8000","timestamp":"2026-05-26T16:17:48.977Z"}
{"level":"info","message":"Server is running on port 8000","timestamp":"2026-05-26T16:17:57.528Z"}
{"level":"info","message":"Server is running on port 8000","timestamp":"2026-05-26T16:18:05.039Z"}
{"level":"info","message":"Server is running on port 8000","timestamp":"2026-05-26T16:18:15.457Z"}
{"level":"info","message":"Server is running on port 8000","timestamp":"2026-05-26T16:18:43.814Z"}
{"level":"info","message":"Server is running on port 8000","timestamp":"2026-05-26T16:20:28.969Z"}
{"level":"info","message":"Server is running on port 8000","timestamp":"2026-05-27T11:08:53.081Z"}
{"level":"info","message":"Server is running on port 8000","timestamp":"2026-05-27T11:08:56.151Z"}
{"level":"info","message":"Server is running on port 8000","timestamp":"2026-05-27T11:12:31.617Z"}
{"level":"info","message":"Server is running on port 8000","timestamp":"2026-05-27T11:13:23.100Z"}
{"level":"info","message":"Server is running on port 8000","timestamp":"2026-05-27T11:13:44.546Z"}
{"level":"info","message":"Server is running on port 8000","timestamp":"2026-05-27T11:14:11.669Z"}
{"level":"info","message":"Server is running on port 8000","timestamp":"2026-05-27T11:14:34.528Z"}
{"level":"info","message":"Server is running on port 8000","timestamp":"2026-05-27T11:14:45.100Z"}
{"level":"info","message":"Server is running on port 8000","timestamp":"2026-05-27T11:14:59.002Z"}
{"level":"info","message":"Server is running on port 8000","timestamp":"2026-05-27T11:15:32.969Z"}
{"level":"info","message":"Server is running on port 8000","timestamp":"2026-05-27T11:15:39.895Z"}
{"level":"info","message":"Server is running on port 8000","timestamp":"2026-05-27T11:20:00.927Z"}
{"level":"info","message":"Server is running on port 8000","timestamp":"2026-05-27T11:20:45.908Z"}
{"level":"info","message":"Server is running on port 8000","timestamp":"2026-05-27T11:25:07.108Z"}
{"level":"info","message":"Server is running on port 8000","timestamp":"2026-05-27T11:25:34.758Z"}
{"level":"info","message":"Server is running on port 8000","timestamp":"2026-05-27T11:25:59.843Z"}
{"level":"info","message":"Server is running on port 8000","timestamp":"2026-05-27T11:29:19.544Z"}
{"level":"info","message":"Server is running on port 8000","timestamp":"2026-06-10T17:37:23.387Z"}
{"level":"info","message":"Server is running on port 8000","timestamp":"2026-06-10T17:38:27.004Z"}
{"level":"info","message":"Server is running on port 8000","timestamp":"2026-06-10T17:41:05.597Z"}
{"level":"info","message":"User logged in successfully","timestamp":"2026-06-10T17:41:51.238Z"}
{"level":"info","message":"Users fetched successfully: [object Object]","timestamp":"2026-06-10T17:41:51.363Z"}
{"level":"info","message":"Users fetched successfully: [object Object]","timestamp":"2026-06-10T17:41:51.413Z"}
{"level":"info","message":"Users fetched successfully: [object Object]","timestamp":"2026-06-10T17:41:51.425Z"}
{"level":"info","message":"Users fetched successfully: [object Object]","timestamp":"2026-06-10T17:41:51.452Z"}
{"level":"info","message":"User logged in successfully","timestamp":"2026-06-10T17:42:12.634Z"}
{"level":"info","message":"Users fetched successfully: [object Object]","timestamp":"2026-06-10T17:42:12.735Z"}
{"level":"info","message":"Users fetched successfully: [object Object]","timestamp":"2026-06-10T17:42:12.770Z"}
{"level":"info","message":"user created successfully","timestamp":"2026-06-10T17:42:12.831Z"}
{"level":"info","message":"User logged in successfully","timestamp":"2026-06-10T17:42:12.891Z"}
{"level":"info","message":"Users fetched successfully: [object Object]","timestamp":"2026-06-10T17:42:12.903Z"}
{"level":"info","message":"Server is running on port 8000","timestamp":"2026-06-10T17:42:24.271Z"}
{"level":"info","message":"Server is running on port 8000","timestamp":"2026-06-10T17:44:14.664Z"}
